usage: cijoe [-h] [--config CONFIG] [--output OUTPUT] [--log-level]
             [--monitor] [--no-report] [--skip-report] [--tag TAG]
             [--archive] [--produce-report] [--integrity-check]
             [--resources] [--example [EXAMPLE]] [--version]
             [target] [step ...]

options:
  -h, --help            show this help message and exit

run:
  Options for running a task script.

  target                A cijoe task or script to run.
  step                  Given a task, the steps of the task it
                        should run. If none are given, all steps are
                        run.
  --config CONFIG, -c CONFIG
                        Path a Configuration file. Multiple can be
                        specified. (default: cijoe-config.toml)
                        (default: [])
  --output OUTPUT, -o OUTPUT
                        Path to output directory. (default:
                        /cijoe/docs/cijoe-output)
  --log-level, -l       Increase log-level. Provide '-l' for info and
                        '-ll' for debug. (default: None)
  --monitor, -m         Dump command output to stdout (default: False)
  --no-report, -n       Skip the producing, and opening, a report at the
                        end of the task-run (default: False)
  --skip-report, -s     Skip the report opening at the end of the
                        task-run (default: True)
  --tag TAG, -t TAG     Tags to identify a task-run. This will be
                        prefixed while storing in archive (default:
                        None)

utilities:
  Task, and task-related utilities

  --archive, -a         Move the output at '-o / --output' to 'cijoe-
                        archive/YYYY-MM-DD_HH:MM:SS (default: False)
  --produce-report, -p  Produce report, and open it, for output at '-o /
                        --output' and exit. (default: None)
  --integrity-check, -i
                        Check integrity of task given as positional
                        argument and exit. (default: False)
  --resources, -r       List collected resources and exit. (default:
                        False)
  --example [EXAMPLE], -e [EXAMPLE]
                        Emits the given example. When no example is
                        given, then it prints a list of available
                        examples. (default: None)
  --version, -v         Print the version number of 'cijoe' and exit.
                        (default: False)