Requirement already satisfied: cijoe in /home/safl/.local/lib/python3.9/site-packages (0.5.0.dev1)
Requirement already satisfied: pyyaml in /usr/lib/python3/dist-packages (from cijoe) (5.3.1)
Requirement already satisfied: requests in /usr/lib/python3/dist-packages (from cijoe) (2.25.1)
Requirement already satisfied: pytest in /home/safl/.local/lib/python3.9/site-packages (from cijoe) (7.1.2)
Requirement already satisfied: paramiko in /home/safl/.local/lib/python3.9/site-packages (from cijoe) (2.11.0)
Requirement already satisfied: pytest-reportlog in /home/safl/.local/lib/python3.9/site-packages (from cijoe) (0.1.2)
Requirement already satisfied: jinja2 in /usr/lib/python3/dist-packages (from cijoe) (2.11.3)
Requirement already satisfied: watchdog in /home/safl/.local/lib/python3.9/site-packages (from cijoe) (2.1.9)
Requirement already satisfied: setuptools in /home/safl/.local/lib/python3.9/site-packages (from cijoe) (62.6.0)
Requirement already satisfied: scp in /home/safl/.local/lib/python3.9/site-packages (from cijoe) (0.14.4)
Requirement already satisfied: bcrypt>=3.1.3 in /home/safl/.local/lib/python3.9/site-packages (from paramiko->cijoe) (3.2.2)
Requirement already satisfied: cryptography>=2.5 in /usr/lib/python3/dist-packages (from paramiko->cijoe) (3.3.2)
Requirement already satisfied: six in /usr/lib/python3/dist-packages (from paramiko->cijoe) (1.16.0)
Requirement already satisfied: pynacl>=1.0.1 in /home/safl/.local/lib/python3.9/site-packages (from paramiko->cijoe) (1.5.0)
Requirement already satisfied: cffi>=1.1 in /home/safl/.local/lib/python3.9/site-packages (from bcrypt>=3.1.3->paramiko->cijoe) (1.15.0)
Requirement already satisfied: pycparser in /home/safl/.local/lib/python3.9/site-packages (from cffi>=1.1->bcrypt>=3.1.3->paramiko->cijoe) (2.21)
Requirement already satisfied: iniconfig in /home/safl/.local/lib/python3.9/site-packages (from pytest->cijoe) (1.1.1)
Requirement already satisfied: packaging in /usr/lib/python3/dist-packages (from pytest->cijoe) (20.9)
Requirement already satisfied: tomli>=1.0.0 in /usr/local/lib/python3.9/dist-packages (from pytest->cijoe) (2.0.1)
Requirement already satisfied: attrs>=19.2.0 in /home/safl/.local/lib/python3.9/site-packages (from pytest->cijoe) (21.4.0)
Requirement already satisfied: pluggy<2.0,>=0.12 in /home/safl/.local/lib/python3.9/site-packages (from pytest->cijoe) (1.0.0)
Requirement already satisfied: py>=1.8.2 in /home/safl/.local/lib/python3.9/site-packages (from pytest->cijoe) (1.11.0)





