usage: cij_plotter [-h] [--plot {line}] [--output OUTPUT]
                   [--x-scale {linear,log,symlog,logit}] [--x-label X_LABEL]
                   [--y-scale {linear,log,symlog,logit}] [--y-label Y_LABEL]
                   [--title TITLE] [--show {0,1}] [--save {0,1}]
                   [--save-fmt [{png,pdf} ...]] [--label-fmt LABEL_FMT]
                   [--ctx {iodepth,bs}] [--metric {iops,bwps,lat}]

cij_plotter - CIJOE Metric Plotter

optional arguments:
  -h, --help            show this help message and exit
  --plot {line}         The plot to produce (default: line)
  --output OUTPUT       Path to test output (default:
                        /home/safl/git/cijoe/docs)
  --x-scale {linear,log,symlog,logit}
                        Scale of the x-axis (default: linear)
  --x-label X_LABEL     When None is given, a label is generated using plot-
                        data (default: None)
  --y-scale {linear,log,symlog,logit}
                        Scale of the y-axis (default: linear)
  --y-label Y_LABEL     When none is given, a label is generated using plot-
                        data (default: None)
  --title TITLE         When None is given, a title is generated using plot-
                        data (default: None)
  --show {0,1}          Show the plot produced by the plotter (default: 0)
  --save {0,1}          Store the plot produced by the plotter (default: 1)
  --save-fmt [{png,pdf} ...]
                        The format to store the plot in (default: ['png'])
  --label-fmt LABEL_FMT
                        Provide a label format-string using jinja2 template
                        syntax (default: None)
  --ctx {iodepth,bs}    The context attribute to use as 'metric-as-a-function-
                        of' (default: iodepth)
  --metric {iops,bwps,lat}
                        The metric to plot (default: iops)

