




--2021-07-29 12:06:14--  https://github.com/refenv/cijoe-pkg-example/archive/refs/heads/main.zip
Resolving github.com (github.com)... 140.82.121.3
Connecting to github.com (github.com)|140.82.121.3|:443... connected.
HTTP request sent, awaiting response... 302 Found
Location: https://codeload.github.com/refenv/cijoe-pkg-example/zip/refs/heads/main [following]
--2021-07-29 12:06:15--  https://codeload.github.com/refenv/cijoe-pkg-example/zip/refs/heads/main
Resolving codeload.github.com (codeload.github.com)... 140.82.121.9
Connecting to codeload.github.com (codeload.github.com)|140.82.121.9|:443... connected.
HTTP request sent, awaiting response... 200 OK
Length: unspecified [application/zip]
Saving to: ‘main.zip’

     0K .......... ...                                         1013K=0.01s

2021-07-29 12:06:15 (1013 KB/s) - ‘main.zip’ saved [13910]


Archive:  main.zip
2cd3cba152a837ef3c677d5d30cec3efe3cfa1a5
   creating: cijoe-pkg-example-main/
   creating: cijoe-pkg-example-main/.github/
   creating: cijoe-pkg-example-main/.github/workflows/
  inflating: cijoe-pkg-example-main/.github/workflows/selftest.yml  
 extracting: cijoe-pkg-example-main/.gitignore  
  inflating: cijoe-pkg-example-main/Makefile  
  inflating: cijoe-pkg-example-main/README.rst  
   creating: cijoe-pkg-example-main/bin/
 extracting: cijoe-pkg-example-main/bin/.keep  
   creating: cijoe-pkg-example-main/envs/
 extracting: cijoe-pkg-example-main/envs/.keep  
  inflating: cijoe-pkg-example-main/envs/example_env.sh  
   creating: cijoe-pkg-example-main/hooks/
 extracting: cijoe-pkg-example-main/hooks/.keep  
  inflating: cijoe-pkg-example-main/hooks/example_probe_enter.sh  
  inflating: cijoe-pkg-example-main/hooks/example_probe_exit.sh  
   creating: cijoe-pkg-example-main/modules/
 extracting: cijoe-pkg-example-main/modules/.keep  
  inflating: cijoe-pkg-example-main/modules/example.sh  
 extracting: cijoe-pkg-example-main/requirements.dev.txt  
 extracting: cijoe-pkg-example-main/requirements.txt  
  inflating: cijoe-pkg-example-main/selftest.sh  
  inflating: cijoe-pkg-example-main/setup.py  
   creating: cijoe-pkg-example-main/testcases/
 extracting: cijoe-pkg-example-main/testcases/.keep  
  inflating: cijoe-pkg-example-main/testcases/example_01_minimal.sh  
  inflating: cijoe-pkg-example-main/testcases/example_02_commands.sh  
  inflating: cijoe-pkg-example-main/testcases/example_03_annotation.sh  
   creating: cijoe-pkg-example-main/testfiles/
 extracting: cijoe-pkg-example-main/testfiles/.keep  
   creating: cijoe-pkg-example-main/testplans/
  inflating: cijoe-pkg-example-main/testplans/example_01.plan  
  inflating: cijoe-pkg-example-main/testplans/example_02.plan  
   creating: cijoe-pkg-example-main/testsuites/
 extracting: cijoe-pkg-example-main/testsuites/.keep  
  inflating: cijoe-pkg-example-main/testsuites/example_all.suite  


Makefile
README.rst
bin
envs
hooks
modules
requirements.dev.txt
requirements.txt
selftest.sh
setup.py
testcases
testfiles
testplans
testsuites

